The system is: Linux - 2.6.24.6+desktop10+25.63 - x86_64
Compiling the C compiler identification source file "CMakeCCompilerId.c" succeeded.
Compiler: /lusr/opt/gcc-4.0.2/bin/gcc 
Build flags: 
Id flags: 

The output was:
0


Compilation of the C compiler identification source "CMakeCCompilerId.c" produced "a.out"

The C compiler identification is GNU, found in "/projects/vision/6/jaechul/flann-1.21-src-64/tmp/CMakeFiles/CompilerIdC/a.out"

Compiling the CXX compiler identification source file "CMakeCXXCompilerId.cpp" succeeded.
Compiler: /lusr/opt/gcc-4.0.2/bin/c++ 
Build flags: 
Id flags: 

The output was:
0


Compilation of the CXX compiler identification source "CMakeCXXCompilerId.cpp" produced "a.out"

The CXX compiler identification is GNU, found in "/projects/vision/6/jaechul/flann-1.21-src-64/tmp/CMakeFiles/CompilerIdCXX/a.out"

Determining if the C compiler works passed with the following output:
Change Dir: /projects/vision/6/jaechul/flann-1.21-src-64/tmp/CMakeFiles/CMakeTmp

Run Build Command:/usr/bin/make "cmTryCompileExec/fast"
make[1]: Entering directory `/v/filer4b/v17q007/jaechul/flann-1.21-src-64/tmp/CMakeFiles/CMakeTmp'
/usr/bin/make -f CMakeFiles/cmTryCompileExec.dir/build.make CMakeFiles/cmTryCompileExec.dir/build
make[2]: Entering directory `/v/filer4b/v17q007/jaechul/flann-1.21-src-64/tmp/CMakeFiles/CMakeTmp'
/lusr/opt/cmake-2.6.4/bin/cmake -E cmake_progress_report /projects/vision/6/jaechul/flann-1.21-src-64/tmp/CMakeFiles/CMakeTmp/CMakeFiles 1
Building C object CMakeFiles/cmTryCompileExec.dir/testCCompiler.c.o
/lusr/opt/gcc-4.0.2/bin/gcc    -o CMakeFiles/cmTryCompileExec.dir/testCCompiler.c.o   -c /projects/vision/6/jaechul/flann-1.21-src-64/tmp/CMakeFiles/CMakeTmp/testCCompiler.c
Linking C executable cmTryCompileExec
/lusr/opt/cmake-2.6.4/bin/cmake -E cmake_link_script CMakeFiles/cmTryCompileExec.dir/link.txt --verbose=1
/lusr/opt/gcc-4.0.2/bin/gcc       -fPIC CMakeFiles/cmTryCompileExec.dir/testCCompiler.c.o  -o cmTryCompileExec -rdynamic 
make[2]: Leaving directory `/v/filer4b/v17q007/jaechul/flann-1.21-src-64/tmp/CMakeFiles/CMakeTmp'
make[1]: Leaving directory `/v/filer4b/v17q007/jaechul/flann-1.21-src-64/tmp/CMakeFiles/CMakeTmp'


Detecting C compiler ABI info compiled with the following output:
Change Dir: /projects/vision/6/jaechul/flann-1.21-src-64/tmp/CMakeFiles/CMakeTmp

Run Build Command:/usr/bin/make "cmTryCompileExec/fast"
make[1]: Entering directory `/v/filer4b/v17q007/jaechul/flann-1.21-src-64/tmp/CMakeFiles/CMakeTmp'
/usr/bin/make -f CMakeFiles/cmTryCompileExec.dir/build.make CMakeFiles/cmTryCompileExec.dir/build
make[2]: Entering directory `/v/filer4b/v17q007/jaechul/flann-1.21-src-64/tmp/CMakeFiles/CMakeTmp'
/lusr/opt/cmake-2.6.4/bin/cmake -E cmake_progress_report /projects/vision/6/jaechul/flann-1.21-src-64/tmp/CMakeFiles/CMakeTmp/CMakeFiles 1
Building C object CMakeFiles/cmTryCompileExec.dir/CMakeCCompilerABI.c.o
/lusr/opt/gcc-4.0.2/bin/gcc    -o CMakeFiles/cmTryCompileExec.dir/CMakeCCompilerABI.c.o   -c /lusr/opt/cmake-2.6.4/share/cmake-2.6/Modules/CMakeCCompilerABI.c
Linking C executable cmTryCompileExec
/lusr/opt/cmake-2.6.4/bin/cmake -E cmake_link_script CMakeFiles/cmTryCompileExec.dir/link.txt --verbose=1
/lusr/opt/gcc-4.0.2/bin/gcc       -fPIC CMakeFiles/cmTryCompileExec.dir/CMakeCCompilerABI.c.o  -o cmTryCompileExec -rdynamic 
make[2]: Leaving directory `/v/filer4b/v17q007/jaechul/flann-1.21-src-64/tmp/CMakeFiles/CMakeTmp'
make[1]: Leaving directory `/v/filer4b/v17q007/jaechul/flann-1.21-src-64/tmp/CMakeFiles/CMakeTmp'


Determining if the CXX compiler works passed with the following output:
Change Dir: /projects/vision/6/jaechul/flann-1.21-src-64/tmp/CMakeFiles/CMakeTmp

Run Build Command:/usr/bin/make "cmTryCompileExec/fast"
make[1]: Entering directory `/v/filer4b/v17q007/jaechul/flann-1.21-src-64/tmp/CMakeFiles/CMakeTmp'
/usr/bin/make -f CMakeFiles/cmTryCompileExec.dir/build.make CMakeFiles/cmTryCompileExec.dir/build
make[2]: Entering directory `/v/filer4b/v17q007/jaechul/flann-1.21-src-64/tmp/CMakeFiles/CMakeTmp'
/lusr/opt/cmake-2.6.4/bin/cmake -E cmake_progress_report /projects/vision/6/jaechul/flann-1.21-src-64/tmp/CMakeFiles/CMakeTmp/CMakeFiles 1
Building CXX object CMakeFiles/cmTryCompileExec.dir/testCXXCompiler.cxx.o
/lusr/opt/gcc-4.0.2/bin/c++     -o CMakeFiles/cmTryCompileExec.dir/testCXXCompiler.cxx.o -c /projects/vision/6/jaechul/flann-1.21-src-64/tmp/CMakeFiles/CMakeTmp/testCXXCompiler.cxx
Linking CXX executable cmTryCompileExec
/lusr/opt/cmake-2.6.4/bin/cmake -E cmake_link_script CMakeFiles/cmTryCompileExec.dir/link.txt --verbose=1
/lusr/opt/gcc-4.0.2/bin/c++        -fPIC CMakeFiles/cmTryCompileExec.dir/testCXXCompiler.cxx.o  -o cmTryCompileExec -rdynamic 
make[2]: Leaving directory `/v/filer4b/v17q007/jaechul/flann-1.21-src-64/tmp/CMakeFiles/CMakeTmp'
make[1]: Leaving directory `/v/filer4b/v17q007/jaechul/flann-1.21-src-64/tmp/CMakeFiles/CMakeTmp'


Detecting CXX compiler ABI info compiled with the following output:
Change Dir: /projects/vision/6/jaechul/flann-1.21-src-64/tmp/CMakeFiles/CMakeTmp

Run Build Command:/usr/bin/make "cmTryCompileExec/fast"
make[1]: Entering directory `/v/filer4b/v17q007/jaechul/flann-1.21-src-64/tmp/CMakeFiles/CMakeTmp'
/usr/bin/make -f CMakeFiles/cmTryCompileExec.dir/build.make CMakeFiles/cmTryCompileExec.dir/build
make[2]: Entering directory `/v/filer4b/v17q007/jaechul/flann-1.21-src-64/tmp/CMakeFiles/CMakeTmp'
/lusr/opt/cmake-2.6.4/bin/cmake -E cmake_progress_report /projects/vision/6/jaechul/flann-1.21-src-64/tmp/CMakeFiles/CMakeTmp/CMakeFiles 1
Building CXX object CMakeFiles/cmTryCompileExec.dir/CMakeCXXCompilerABI.cpp.o
/lusr/opt/gcc-4.0.2/bin/c++     -o CMakeFiles/cmTryCompileExec.dir/CMakeCXXCompilerABI.cpp.o -c /lusr/opt/cmake-2.6.4/share/cmake-2.6/Modules/CMakeCXXCompilerABI.cpp
Linking CXX executable cmTryCompileExec
/lusr/opt/cmake-2.6.4/bin/cmake -E cmake_link_script CMakeFiles/cmTryCompileExec.dir/link.txt --verbose=1
/lusr/opt/gcc-4.0.2/bin/c++        -fPIC CMakeFiles/cmTryCompileExec.dir/CMakeCXXCompilerABI.cpp.o  -o cmTryCompileExec -rdynamic 
make[2]: Leaving directory `/v/filer4b/v17q007/jaechul/flann-1.21-src-64/tmp/CMakeFiles/CMakeTmp'
make[1]: Leaving directory `/v/filer4b/v17q007/jaechul/flann-1.21-src-64/tmp/CMakeFiles/CMakeTmp'


